<?xml version="1.0" encoding="UTF-8"?>
<testng-results skipped="0" failed="0" total="1" passed="1">
  <reporter-output>
  </reporter-output>
  <suite name="Suite" duration-ms="83548" started-at="2019-11-27T17:47:15Z" finished-at="2019-11-27T17:48:39Z">
    <groups>
    </groups>
    <test name="Test" duration-ms="83548" started-at="2019-11-27T17:47:15Z" finished-at="2019-11-27T17:48:39Z">
      <class name="E2EProject.HomePage">
        <test-method status="PASS" signature="initialize()[pri:0, instance:E2EProject.HomePage@100fc185]" name="initialize" is-config="true" duration-ms="48542" started-at="2019-11-27T23:17:15Z" finished-at="2019-11-27T23:18:04Z">
          <reporter-output>
          </reporter-output>
        </test-method> <!-- initialize -->
        <test-method status="PASS" signature="basePageNavigation(java.lang.String, java.lang.String)[pri:0, instance:E2EProject.HomePage@100fc185]" name="basePageNavigation" duration-ms="34455" started-at="2019-11-27T23:18:04Z" data-provider="getData" finished-at="2019-11-27T23:18:38Z">
          <params>
            <param index="0">
              <value>
                <![CDATA[abcd@gmail.com]]>
              </value>
            </param>
            <param index="1">
              <value>
                <![CDATA[123456]]>
              </value>
            </param>
          </params>
          <reporter-output>
          </reporter-output>
        </test-method> <!-- basePageNavigation -->
        <test-method status="PASS" signature="close()[pri:0, instance:E2EProject.HomePage@100fc185]" name="close" is-config="true" duration-ms="477" started-at="2019-11-27T23:18:38Z" finished-at="2019-11-27T23:18:39Z">
          <reporter-output>
          </reporter-output>
        </test-method> <!-- close -->
      </class> <!-- E2EProject.HomePage -->
    </test> <!-- Test -->
  </suite> <!-- Suite -->
</testng-results>
